{
  "RSpec": {
    "coverage": {
      "/home/jrog/tic-tac-toe-rb-online-web-sp-000/lib/tic_tac_toe.rb": [
        null,
        null,
        null,
        1,
        null,
        1,
        30,
        30,
        30,
        30,
        30,
        null,
        null,
        null,
        null,
        null,
        null,
        1,
        44437,
        null,
        null,
        null,
        null,
        null,
        null,
        1,
        28,
        null,
        null,
        null,
        null,
        1,
        0,
        null,
        null,
        null,
        null,
        1,
        44437,
        null,
        null,
        null,
        null,
        1,
        null,
        44444,
        null,
        44438,
        null,
        44434,
        null,
        44434,
        null,
        25,
        null,
        25,
        null,
        null,
        null,
        44409,
        null,
        null,
        null,
        null,
        null,
        null,
        1,
        12,
        12,
        35,
        null,
        35,
        null,
        null,
        null,
        null,
        null,
        null,
        1,
        2,
        2,
        null,
        18,
        5,
        null,
        null,
        2,
        null,
        null,
        null,
        null,
        1,
        null,
        1,
        1,
        null,
        0,
        null,
        null,
        null,
        null,
        null,
        1,
        44449,
        null,
        null,
        null,
        null,
        1,
        null,
        null,
        null,
        null,
        null,
        null,
        null,
        null,
        null,
        null,
        null,
        1,
        null,
        null,
        16,
        113,
        null,
        null,
        null,
        null,
        null,
        1,
        null,
        null,
        49,
        null,
        null,
        null,
        null,
        1,
        null,
        null,
        null,
        7,
        null,
        null,
        null,
        null,
        1,
        null,
        null,
        3,
        null,
        null,
        null,
        null,
        1,
        null,
        3,
        2,
        2,
        null,
        null,
        null
      ]
    },
    "timestamp": 1594919730
  }
}
